TN:
SF:src/image-editing/domain/models/Image.ts
FN:4,(anonymous_0)
FN:16,(anonymous_1)
FN:57,(anonymous_2)
FN:65,(anonymous_3)
FNF:4
FNH:3
FNDA:2,(anonymous_0)
FNDA:7,(anonymous_1)
FNDA:6,(anonymous_2)
FNDA:0,(anonymous_3)
DA:3,1
DA:5,2
DA:6,2
DA:7,2
DA:8,2
DA:9,2
DA:10,2
DA:11,2
DA:12,2
DA:13,2
DA:28,7
DA:29,1
DA:32,6
DA:33,0
DA:36,6
DA:37,1
DA:40,5
DA:41,1
DA:44,4
DA:45,1
DA:48,3
DA:49,1
DA:52,2
DA:57,6
DA:66,0
LF:25
LH:23
BRDA:28,0,0,1
BRDA:28,0,1,6
BRDA:28,1,0,7
BRDA:28,1,1,6
BRDA:32,2,0,0
BRDA:32,2,1,6
BRDA:36,3,0,1
BRDA:36,3,1,5
BRDA:40,4,0,1
BRDA:40,4,1,4
BRDA:44,5,0,1
BRDA:44,5,1,3
BRDA:44,6,0,4
BRDA:44,6,1,3
BRDA:48,7,0,1
BRDA:48,7,1,2
BRDA:48,8,0,3
BRDA:48,8,1,3
BRF:18
BRH:17
end_of_record
TN:
SF:src/image-editing/domain/models/ImageMetadata.ts
FN:7,(anonymous_0)
FN:12,(anonymous_1)
FN:19,(anonymous_2)
FNF:3
FNH:3
FNDA:3,(anonymous_0)
FNDA:6,(anonymous_1)
FNDA:1,(anonymous_2)
DA:6,2
DA:8,3
DA:9,3
DA:13,6
DA:14,3
DA:16,3
DA:20,1
LF:7
LH:7
BRDA:13,0,0,3
BRDA:13,0,1,3
BRDA:13,1,0,6
BRDA:13,1,1,4
BRF:4
BRH:4
end_of_record
TN:
SF:src/image-editing/infra/repositories/JsonImageRepository.ts
FN:15,(anonymous_9)
FN:19,(anonymous_10)
FN:29,(anonymous_11)
FN:34,(anonymous_12)
FN:53,(anonymous_13)
FN:57,(anonymous_14)
FN:65,(anonymous_15)
FN:67,(anonymous_16)
FN:76,(anonymous_17)
FN:78,(anonymous_18)
FN:81,(anonymous_19)
FN:85,(anonymous_20)
FNF:12
FNH:0
FNDA:0,(anonymous_9)
FNDA:0,(anonymous_10)
FNDA:0,(anonymous_11)
FNDA:0,(anonymous_12)
FNDA:0,(anonymous_13)
FNDA:0,(anonymous_14)
FNDA:0,(anonymous_15)
FNDA:0,(anonymous_16)
FNDA:0,(anonymous_17)
FNDA:0,(anonymous_18)
FNDA:0,(anonymous_19)
FNDA:0,(anonymous_20)
DA:1,0
DA:4,0
DA:5,0
DA:6,0
DA:12,0
DA:16,0
DA:20,0
DA:21,0
DA:22,0
DA:25,0
DA:30,0
DA:31,0
DA:35,0
DA:40,0
DA:54,0
DA:57,0
DA:60,0
DA:62,0
DA:66,0
DA:67,0
DA:69,0
DA:70,0
DA:73,0
DA:77,0
DA:78,0
DA:82,0
DA:83,0
DA:85,0
DA:87,0
DA:88,0
DA:91,0
DA:92,0
LF:32
LH:0
BRDA:15,0,0,0
BRDA:69,1,0,0
BRDA:69,1,1,0
BRDA:87,2,0,0
BRDA:87,2,1,0
BRF:5
BRH:0
end_of_record
TN:
SF:src/image-editing/infra/storage/FileStorage.ts
FN:8,(anonymous_9)
FN:12,(anonymous_10)
FN:20,(anonymous_11)
FN:27,(anonymous_12)
FN:36,(anonymous_13)
FNF:5
FNH:0
FNDA:0,(anonymous_9)
FNDA:0,(anonymous_10)
FNDA:0,(anonymous_11)
FNDA:0,(anonymous_12)
FNDA:0,(anonymous_13)
DA:1,0
DA:2,0
DA:3,0
DA:5,0
DA:9,0
DA:13,0
DA:14,0
DA:16,0
DA:21,0
DA:22,0
DA:23,0
DA:24,0
DA:28,0
DA:29,0
DA:30,0
DA:32,0
DA:37,0
DA:38,0
DA:39,0
DA:41,0
LF:20
LH:0
BRDA:8,0,0,0
BRF:1
BRH:0
end_of_record
TN:
SF:src/image-editing/presentation/controllers/ImageController.ts
FN:6,(anonymous_0)
FN:8,(anonymous_1)
FN:68,(anonymous_2)
FN:91,(anonymous_3)
FN:101,(anonymous_4)
FNF:5
FNH:0
FNDA:0,(anonymous_0)
FNDA:0,(anonymous_1)
FNDA:0,(anonymous_2)
FNDA:0,(anonymous_3)
FNDA:0,(anonymous_4)
DA:5,0
DA:6,0
DA:8,0
DA:9,0
DA:11,0
DA:12,0
DA:13,0
DA:16,0
DA:19,0
DA:20,0
DA:21,0
DA:26,0
DA:27,0
DA:28,0
DA:29,0
DA:30,0
DA:32,0
DA:35,0
DA:36,0
DA:40,0
DA:54,0
DA:56,0
DA:58,0
DA:60,0
DA:61,0
DA:63,0
DA:68,0
DA:69,0
DA:70,0
DA:72,0
DA:73,0
DA:74,0
DA:77,0
DA:79,0
DA:80,0
DA:81,0
DA:84,0
DA:86,0
DA:87,0
DA:91,0
DA:92,0
DA:93,0
DA:94,0
DA:96,0
DA:97,0
DA:101,0
DA:102,0
DA:103,0
DA:105,0
DA:106,0
DA:107,0
DA:110,0
DA:112,0
DA:113,0
DA:114,0
DA:117,0
DA:119,0
DA:120,0
LF:58
LH:0
BRDA:11,0,0,0
BRDA:11,0,1,0
BRDA:19,1,0,0
BRDA:19,1,1,0
BRDA:19,2,0,0
BRDA:19,2,1,0
BRDA:27,3,0,0
BRDA:27,3,1,0
BRDA:29,4,0,0
BRDA:29,4,1,0
BRDA:60,5,0,0
BRDA:60,5,1,0
BRDA:72,6,0,0
BRDA:72,6,1,0
BRDA:79,7,0,0
BRDA:79,7,1,0
BRDA:105,8,0,0
BRDA:105,8,1,0
BRDA:112,9,0,0
BRDA:112,9,1,0
BRF:20
BRH:0
end_of_record
TN:
SF:src/image-editing/presentation/routes/imageRoutes.ts
FN:12,(anonymous_1)
FN:21,createImageRoutes
FNF:2
FNH:0
FNDA:0,(anonymous_1)
FNDA:0,createImageRoutes
DA:1,0
DA:2,0
DA:4,0
DA:7,0
DA:13,0
DA:14,0
DA:16,0
DA:21,0
DA:22,0
DA:25,0
DA:28,0
DA:31,0
DA:34,0
DA:36,0
LF:14
LH:0
BRDA:13,0,0,0
BRDA:13,0,1,0
BRF:2
BRH:0
end_of_record
TN:
SF:src/image-editing/usecase/services/ImageService.ts
FN:12,(anonymous_1)
FN:17,(anonymous_2)
FN:58,(anonymous_3)
FN:63,(anonymous_4)
FN:65,(anonymous_5)
FN:68,(anonymous_6)
FN:81,(anonymous_7)
FN:92,(anonymous_8)
FNF:8
FNH:0
FNDA:0,(anonymous_1)
FNDA:0,(anonymous_2)
FNDA:0,(anonymous_3)
FNDA:0,(anonymous_4)
FNDA:0,(anonymous_5)
FNDA:0,(anonymous_6)
FNDA:0,(anonymous_7)
FNDA:0,(anonymous_8)
DA:1,0
DA:2,0
DA:7,0
DA:8,0
DA:11,0
DA:13,0
DA:14,0
DA:18,0
DA:21,0
DA:22,0
DA:23,0
DA:26,0
DA:27,0
DA:28,0
DA:31,0
DA:37,0
DA:40,0
DA:53,0
DA:55,0
DA:59,0
DA:60,0
DA:64,0
DA:65,0
DA:69,0
DA:70,0
DA:71,0
DA:75,0
DA:78,0
DA:82,0
DA:84,0
DA:86,0
DA:88,0
DA:93,0
LF:33
LH:0
BRDA:27,0,0,0
BRDA:27,0,1,0
BRDA:27,1,0,0
BRDA:27,1,1,0
BRDA:60,2,0,0
BRDA:60,2,1,0
BRDA:70,3,0,0
BRDA:70,3,1,0
BRDA:82,4,0,0
BRDA:82,4,1,0
BRDA:82,4,2,0
BRF:11
BRH:0
end_of_record
TN:
SF:src/shared/constants/index.ts
FNF:0
FNH:0
DA:1,0
DA:2,0
DA:3,0
DA:4,0
LF:4
LH:0
BRF:0
BRH:0
end_of_record
